<?xml version="1.0" encoding="UTF-8"?>
<testsuite name="com.extracrates.util.RewardSelectorTest" tests="3" skipped="0" failures="0" errors="0" timestamp="2026-01-21T00:46:53.583Z" hostname="EXTRALAPTOP" time="0.035">
  <properties/>
  <testcase name="weightedRollsRespectChanceDistribution()" classname="com.extracrates.util.RewardSelectorTest" time="0.008"/>
  <testcase name="rollCountDefaultsToAtLeastOne()" classname="com.extracrates.util.RewardSelectorTest" time="0.001"/>
  <testcase name="zeroTotalFallsBackToIndexSelectionAndLogs()" classname="com.extracrates.util.RewardSelectorTest" time="0.023"/>
  <system-out><![CDATA[]]></system-out>
  <system-err><![CDATA[]]></system-err>
</testsuite>
